::1 - - [25/Nov/2023:06:06:08 +0000] "GET /api/notes HTTP/1.1" 200 171 "-" "PostmanRuntime/7.35.0"
::1 - - [25/Nov/2023:06:06:09 +0000] "GET /api/notes HTTP/1.1" 200 171 "-" "PostmanRuntime/7.35.0"
::1 - - [25/Nov/2023:06:06:27 +0000] "GET /api/notes HTTP/1.1" 200 171 "-" "PostmanRuntime/7.35.0"
::1 - - [25/Nov/2023:11:46:19 +0000] "GET /api/notes HTTP/1.1" 200 2 "-" "PostmanRuntime/7.35.0"
::1 - - [25/Nov/2023:11:46:25 +0000] "GET /api/notes HTTP/1.1" 200 2 "-" "PostmanRuntime/7.35.0"
::1 - - [25/Nov/2023:11:47:21 +0000] "POST /api/notes HTTP/1.1" 400 45 "-" "PostmanRuntime/7.35.0"
::1 - - [25/Nov/2023:11:48:53 +0000] "POST /api/notes HTTP/1.1" 400 45 "-" "PostmanRuntime/7.35.0"
::1 - - [25/Nov/2023:11:49:01 +0000] "POST /api/notes HTTP/1.1" 200 97 "-" "PostmanRuntime/7.35.0"
::1 - - [25/Nov/2023:11:50:27 +0000] "PUT /api/notes/6561df2dc19c7cf375fd6076 HTTP/1.1" 200 98 "-" "PostmanRuntime/7.35.0"
::1 - - [25/Nov/2023:11:52:20 +0000] "PUT /api/notes/6561df2dc19c7cf375fd6076 HTTP/1.1" 200 98 "-" "PostmanRuntime/7.35.0"
::1 - - [25/Nov/2023:11:55:39 +0000] "PUT /api/notes/6561df2dc19c7cf375fd6076 HTTP/1.1" 200 98 "-" "PostmanRuntime/7.35.0"
::1 - - [25/Nov/2023:11:56:10 +0000] "PUT /api/notes/6561810331a74d2f4a143832 HTTP/1.1" 404 57 "-" "PostmanRuntime/7.35.0"
::1 - - [25/Nov/2023:11:56:24 +0000] "PUT /api/notes/6561810331a74d2f4a143832 HTTP/1.1" 404 57 "-" "PostmanRuntime/7.35.0"
::1 - - [25/Nov/2023:11:56:25 +0000] "PUT /api/notes/6561810331a74d2f4a143832 HTTP/1.1" 404 57 "-" "PostmanRuntime/7.35.0"
::1 - - [25/Nov/2023:11:57:22 +0000] "GET /api/notes HTTP/1.1" 200 100 "-" "PostmanRuntime/7.35.0"
::1 - - [25/Nov/2023:11:57:38 +0000] "PUT /api/notes/6561df2dc19c7cf375fd6076 HTTP/1.1" 200 98 "-" "PostmanRuntime/7.35.0"
::1 - - [25/Nov/2023:11:58:33 +0000] "PUT /api/notes/6561810331a74d2f4a143832 HTTP/1.1" 404 57 "-" "PostmanRuntime/7.35.0"
::1 - - [25/Nov/2023:11:58:33 +0000] "PUT /api/notes/6561810331a74d2f4a143832 HTTP/1.1" 404 57 "-" "PostmanRuntime/7.35.0"
::1 - - [25/Nov/2023:11:58:34 +0000] "PUT /api/notes/6561810331a74d2f4a143832 HTTP/1.1" 404 57 "-" "PostmanRuntime/7.35.0"
::1 - - [25/Nov/2023:12:03:17 +0000] "PUT /api/notes/6561810331a74d2f4a143832 HTTP/1.1" 404 57 "-" "PostmanRuntime/7.35.0"
::1 - - [25/Nov/2023:12:03:18 +0000] "PUT /api/notes/6561810331a74d2f4a143832 HTTP/1.1" 404 57 "-" "PostmanRuntime/7.35.0"
::1 - - [25/Nov/2023:12:03:19 +0000] "PUT /api/notes/6561810331a74d2f4a143832 HTTP/1.1" 404 57 "-" "PostmanRuntime/7.35.0"
::1 - - [25/Nov/2023:12:03:23 +0000] "GET /api/notes HTTP/1.1" 200 2 "-" "PostmanRuntime/7.35.0"
::1 - - [25/Nov/2023:12:04:08 +0000] "GET /api/notes HTTP/1.1" 200 2 "-" "PostmanRuntime/7.35.0"
::1 - - [25/Nov/2023:12:04:09 +0000] "GET /api/notes HTTP/1.1" 200 2 "-" "PostmanRuntime/7.35.0"
::1 - - [25/Nov/2023:12:04:09 +0000] "GET /api/notes HTTP/1.1" 200 2 "-" "PostmanRuntime/7.35.0"
::1 - - [25/Nov/2023:12:04:54 +0000] "GET /api/notes HTTP/1.1" 200 2 "-" "PostmanRuntime/7.35.0"
::1 - - [25/Nov/2023:12:04:55 +0000] "GET /api/notes HTTP/1.1" 200 2 "-" "PostmanRuntime/7.35.0"
::1 - - [25/Nov/2023:12:04:56 +0000] "GET /api/notes HTTP/1.1" 200 2 "-" "PostmanRuntime/7.35.0"
::1 - - [25/Nov/2023:12:04:57 +0000] "GET /api/notes HTTP/1.1" 200 2 "-" "PostmanRuntime/7.35.0"
::1 - - [25/Nov/2023:12:04:57 +0000] "GET /api/notes HTTP/1.1" 200 2 "-" "PostmanRuntime/7.35.0"
::1 - - [25/Nov/2023:12:05:01 +0000] "GET /api/notes/ HTTP/1.1" 200 2 "-" "PostmanRuntime/7.35.0"
::1 - - [25/Nov/2023:12:05:04 +0000] "GET /api/notes HTTP/1.1" 200 2 "-" "PostmanRuntime/7.35.0"
::1 - - [25/Nov/2023:12:05:18 +0000] "GET /api/notes HTTP/1.1" 200 171 "-" "PostmanRuntime/7.35.0"
::1 - - [25/Nov/2023:12:05:27 +0000] "PUT /api/notes/6561810331a74d2f4a143832 HTTP/1.1" 200 98 "-" "PostmanRuntime/7.35.0"
::1 - - [25/Nov/2023:12:06:18 +0000] "POST /api/notes HTTP/1.1" 200 99 "-" "PostmanRuntime/7.35.0"
::1 - - [25/Nov/2023:12:06:31 +0000] "POST /api/notes HTTP/1.1" 200 99 "-" "PostmanRuntime/7.35.0"
::1 - - [25/Nov/2023:12:06:43 +0000] "POST /api/notes HTTP/1.1" 200 99 "-" "PostmanRuntime/7.35.0"
::1 - - [25/Nov/2023:12:07:28 +0000] "PUT /api/notes/66561e33aacbf98e9e30ef8f5 HTTP/1.1" 404 58 "-" "PostmanRuntime/7.35.0"
::1 - - [25/Nov/2023:12:07:43 +0000] "GET /api/notes HTTP/1.1" 200 400 "-" "PostmanRuntime/7.35.0"
::1 - - [25/Nov/2023:12:08:01 +0000] "PUT /api/notes/6561e33aacbf98e9e30ef8f5 HTTP/1.1" 200 104 "-" "PostmanRuntime/7.35.0"
::1 - - [25/Nov/2023:12:09:19 +0000] "PUT /api/notes/6561e33aacbf98e9e30ef8f5 HTTP/1.1" 200 109 "-" "PostmanRuntime/7.35.0"
::1 - - [25/Nov/2023:12:09:40 +0000] "PUT /api/notes/6561e33aacbf98e9e30ef8f5 HTTP/1.1" 200 109 "-" "PostmanRuntime/7.35.0"
::1 - - [25/Nov/2023:12:10:38 +0000] "DELETE /api/notes/6561e33aacbf98e9e30ef8f5 HTTP/1.1" 200 159 "-" "PostmanRuntime/7.35.0"
::1 - - [25/Nov/2023:13:09:22 +0000] "GET /api/notes HTTP/1.1" 200 300 "-" "PostmanRuntime/7.35.0"
::1 - - [25/Nov/2023:13:10:15 +0000] "GET /api/notes/search HTTP/1.1" 400 31 "-" "PostmanRuntime/7.35.0"
::1 - - [25/Nov/2023:13:10:21 +0000] "GET /api/notes/search HTTP/1.1" 400 31 "-" "PostmanRuntime/7.35.0"
::1 - - [25/Nov/2023:13:10:43 +0000] "GET /api/notes/search HTTP/1.1" 400 31 "-" "PostmanRuntime/7.35.0"
::1 - - [25/Nov/2023:13:12:48 +0000] "GET /api/notes/search?q=Int HTTP/1.1" 400 31 "-" "PostmanRuntime/7.35.0"
::1 - - [25/Nov/2023:13:12:52 +0000] "GET /api/notes/search?q=Inter HTTP/1.1" 400 31 "-" "PostmanRuntime/7.35.0"
::1 - - [25/Nov/2023:13:12:52 +0000] "GET /api/notes/search?q=Inter HTTP/1.1" 400 31 "-" "PostmanRuntime/7.35.0"
::1 - - [25/Nov/2023:13:12:56 +0000] "GET /api/notes/search?q=Inter HTTP/1.1" 400 31 "-" "PostmanRuntime/7.35.0"
::1 - - [25/Nov/2023:13:12:57 +0000] "GET /api/notes/search?q=Inter HTTP/1.1" 400 31 "-" "PostmanRuntime/7.35.0"
::1 - - [25/Nov/2023:13:13:09 +0000] "GET /api/notes/search?i=Inter HTTP/1.1" 400 31 "-" "PostmanRuntime/7.35.0"
::1 - - [25/Nov/2023:13:13:13 +0000] "GET /api/notes/search?q=Inter HTTP/1.1" 400 31 "-" "PostmanRuntime/7.35.0"
::1 - - [25/Nov/2023:13:13:13 +0000] "GET /api/notes/search?q=Inter HTTP/1.1" 400 31 "-" "PostmanRuntime/7.35.0"
::1 - - [25/Nov/2023:13:13:14 +0000] "GET /api/notes/search?q=Inter HTTP/1.1" 400 31 "-" "PostmanRuntime/7.35.0"
::1 - - [25/Nov/2023:13:13:16 +0000] "GET /api/notes/search?q=Inter HTTP/1.1" 400 31 "-" "PostmanRuntime/7.35.0"
::1 - - [25/Nov/2023:13:13:36 +0000] "GET /api/notes/ HTTP/1.1" 200 300 "-" "PostmanRuntime/7.35.0"
::1 - - [25/Nov/2023:13:14:23 +0000] "GET /api/notes/search?q=Inter HTTP/1.1" 400 31 "-" "PostmanRuntime/7.35.0"
::1 - - [25/Nov/2023:13:14:23 +0000] "GET /api/notes/search?q=Inter HTTP/1.1" 400 31 "-" "PostmanRuntime/7.35.0"
::1 - - [25/Nov/2023:13:14:42 +0000] "GET /api/notes/search?q=inter HTTP/1.1" 400 31 "-" "PostmanRuntime/7.35.0"
::1 - - [25/Nov/2023:13:14:42 +0000] "GET /api/notes/search?q=inter HTTP/1.1" 400 31 "-" "PostmanRuntime/7.35.0"
::1 - - [25/Nov/2023:13:17:55 +0000] "GET /api/notes/search?q=inter HTTP/1.1" 400 31 "-" "PostmanRuntime/7.35.0"
::1 - - [25/Nov/2023:13:17:58 +0000] "GET /api/notes/search?q=inter HTTP/1.1" 400 31 "-" "PostmanRuntime/7.35.0"
::1 - - [25/Nov/2023:13:21:15 +0000] "GET /api/notes/search?q=checking HTTP/1.1" 400 31 "-" "PostmanRuntime/7.35.0"
::1 - - [25/Nov/2023:13:21:15 +0000] "GET /api/notes/search?q=checking HTTP/1.1" 400 31 "-" "PostmanRuntime/7.35.0"
::1 - - [25/Nov/2023:13:21:16 +0000] "GET /api/notes/search?q=checking HTTP/1.1" 400 31 "-" "PostmanRuntime/7.35.0"
::1 - - [25/Nov/2023:13:21:17 +0000] "GET /api/notes/search?q=checking HTTP/1.1" 400 31 "-" "PostmanRuntime/7.35.0"
::1 - - [25/Nov/2023:13:21:18 +0000] "GET /api/notes/search?q=checking HTTP/1.1" 400 31 "-" "PostmanRuntime/7.35.0"
::1 - - [25/Nov/2023:13:23:54 +0000] "GET /api/notes/search?q=Inter HTTP/1.1" 400 31 "-" "Mozilla/5.0 (Macintosh; Intel Mac OS X 10_15_7) AppleWebKit/537.36 (KHTML, like Gecko) Chrome/119.0.0.0 Safari/537.36"
::1 - - [25/Nov/2023:13:25:32 +0000] "GET /api/notes/search?q=checking HTTP/1.1" 400 31 "-" "PostmanRuntime/7.35.0"
::1 - - [25/Nov/2023:13:25:48 +0000] "GET /api/notes/inter?q=checking HTTP/1.1" 400 30 "-" "PostmanRuntime/7.35.0"
::1 - - [25/Nov/2023:13:26:43 +0000] "GET /api/notes/search HTTP/1.1" 400 31 "-" "PostmanRuntime/7.35.0"
::1 - - [25/Nov/2023:13:27:11 +0000] "GET /api/notes/search?q=Inter HTTP/1.1" 400 31 "-" "Mozilla/5.0 (Macintosh; Intel Mac OS X 10_15_7) AppleWebKit/537.36 (KHTML, like Gecko) Chrome/119.0.0.0 Safari/537.36"
